<?xml version="1.0" encoding="UTF-8"?>
<!-- Generated by org.testng.reporters.JUnitReportReporter -->
<testsuite hostname="Princes-MacBook-Pro.local" failures="0" tests="1" name="learningTestNG.LearningTestNGTestAnnotation" time="0.035" errors="0" timestamp="2024-01-09T12:04:24 IST" skipped="0">
  <testcase classname="learningTestNG.LearningTestNGTestAnnotation" name="test" time="0.035"/>
  <system-out>
    <![CDATA[This is my first testNG test]]>
  </system-out>
</testsuite> <!-- learningTestNG.LearningTestNGTestAnnotation -->
