<?xml version="1.0" encoding="UTF-8"?>
<!-- Generated by org.testng.reporters.JUnitReportReporter -->
<testsuite hostname="Princes-MacBook-Pro.local" failures="0" tests="3" name="learningTestNG.Learning_DataProvider" time="36.849" errors="0" timestamp="2024-01-18T17:28:18 IST" skipped="0">
  <testcase classname="learningTestNG.Learning_DataProvider" name="loginTest" time="16.267"/>
  <system-out/>
  <testcase classname="learningTestNG.Learning_DataProvider" name="loginTest" time="10.497"/>
  <system-out/>
  <testcase classname="learningTestNG.Learning_DataProvider" name="loginTest" time="10.085"/>
  <system-out/>
</testsuite> <!-- learningTestNG.Learning_DataProvider -->
