<?xml version="1.0" encoding="UTF-8"?>
<!-- Generated by org.testng.reporters.JUnitReportReporter -->
<testsuite hostname="Princes-MacBook-Pro.local" failures="0" tests="1" name="com.TestScriptsPractise.DemoWebShopValidation" time="11.059" errors="0" timestamp="2024-01-16T18:04:31 IST" skipped="0">
  <testcase classname="com.TestScriptsPractise.DemoWebShopValidation" name="demoWebShopValidation" time="11.059"/>
  <system-out>
    <![CDATA[Incorrect Web Page]]>
  </system-out>
</testsuite> <!-- com.TestScriptsPractise.DemoWebShopValidation -->
