<?xml version="1.0" encoding="UTF-8"?>
<!-- Generated by org.testng.reporters.JUnitReportReporter -->
<testsuite hostname="Princes-MacBook-Pro.local" failures="0" tests="1" name="com.TestScripts.TC001_SearchTest" time="10.549" errors="0" timestamp="2024-01-16T17:34:03 IST" skipped="0">
  <testcase classname="com.TestScripts.TC001_SearchTest" name="searchTest" time="10.549"/>
  <system-out/>
</testsuite> <!-- com.TestScripts.TC001_SearchTest -->
