<?xml version="1.0" encoding="UTF-8"?>
<!-- Generated by org.testng.reporters.JUnitReportReporter -->
<testsuite hostname="Princes-MacBook-Pro.local" failures="0" tests="1" name="learningTestNG.Learning_PropertiesFile" time="12.151" errors="0" timestamp="2024-01-18T18:20:04 IST" skipped="0">
  <testcase classname="learningTestNG.Learning_PropertiesFile" name="loginTest" time="12.151"/>
  <system-out/>
</testsuite> <!-- learningTestNG.Learning_PropertiesFile -->
