<?xml version="1.0" encoding="UTF-8"?>
<!-- Generated by org.testng.reporters.JUnitReportReporter -->
<testsuite hostname="Princes-MacBook-Pro.local" failures="0" tests="19" name="com.TestScriptsPractise.FlipkartSearch" time="248.857" errors="0" timestamp="2024-01-23T00:32:01 IST" skipped="0">
  <testcase classname="com.TestScriptsPractise.FlipkartSearch" name="searchTest" time="12.661"/>
  <system-out/>
  <testcase classname="com.TestScriptsPractise.FlipkartSearch" name="searchTest" time="14.979"/>
  <system-out/>
  <testcase classname="com.TestScriptsPractise.FlipkartSearch" name="searchTest" time="13.196"/>
  <system-out/>
  <testcase classname="com.TestScriptsPractise.FlipkartSearch" name="searchTest" time="13.477"/>
  <system-out/>
  <testcase classname="com.TestScriptsPractise.FlipkartSearch" name="searchTest" time="12.876"/>
  <system-out/>
  <testcase classname="com.TestScriptsPractise.FlipkartSearch" name="searchTest" time="13.242"/>
  <system-out/>
  <testcase classname="com.TestScriptsPractise.FlipkartSearch" name="searchTest" time="12.191"/>
  <system-out/>
  <testcase classname="com.TestScriptsPractise.FlipkartSearch" name="searchTest" time="12.738"/>
  <system-out/>
  <testcase classname="com.TestScriptsPractise.FlipkartSearch" name="searchTest" time="13.707"/>
  <system-out/>
  <testcase classname="com.TestScriptsPractise.FlipkartSearch" name="searchTest" time="12.920"/>
  <system-out/>
  <testcase classname="com.TestScriptsPractise.FlipkartSearch" name="searchTest" time="11.905"/>
  <system-out/>
  <testcase classname="com.TestScriptsPractise.FlipkartSearch" name="searchTest" time="13.047"/>
  <system-out/>
  <testcase classname="com.TestScriptsPractise.FlipkartSearch" name="searchTest" time="13.045"/>
  <system-out/>
  <testcase classname="com.TestScriptsPractise.FlipkartSearch" name="searchTest" time="14.399"/>
  <system-out/>
  <testcase classname="com.TestScriptsPractise.FlipkartSearch" name="searchTest" time="13.556"/>
  <system-out/>
  <testcase classname="com.TestScriptsPractise.FlipkartSearch" name="searchTest" time="12.570"/>
  <system-out/>
  <testcase classname="com.TestScriptsPractise.FlipkartSearch" name="searchTest" time="12.046"/>
  <system-out/>
  <testcase classname="com.TestScriptsPractise.FlipkartSearch" name="searchTest" time="13.454"/>
  <system-out/>
  <testcase classname="com.TestScriptsPractise.FlipkartSearch" name="searchTest" time="12.848"/>
  <system-out/>
</testsuite> <!-- com.TestScriptsPractise.FlipkartSearch -->
