<?xml version="1.0" encoding="UTF-8"?>
<!-- Generated by org.testng.reporters.JUnitReportReporter -->
<testsuite hostname="Princes-MacBook-Pro.local" failures="0" tests="2" name="learningTestNG.Learning_Enabled_Attribute" time="13.106" errors="0" timestamp="2024-01-09T17:59:49 IST" skipped="1">
  <testcase classname="learningTestNG.Learning_Enabled_Attribute" name="loginTest" time="13.106"/>
  <system-out/>
  <testcase classname="learningTestNG.Learning_Enabled_Attribute" name="registerTest">
    <skipped/>
  </testcase> <!-- registerTest -->
  <system-out/>
</testsuite> <!-- learningTestNG.Learning_Enabled_Attribute -->
