<?xml version="1.0" encoding="UTF-8"?>
<!-- Generated by org.testng.reporters.JUnitReportReporter -->
<testsuite hostname="Princes-MacBook-Pro.local" failures="0" tests="1" name="learningTestNG.Learning_ExcelFile" time="13.332" errors="0" timestamp="2024-01-19T18:24:43 IST" skipped="0">
  <testcase classname="learningTestNG.Learning_ExcelFile" name="registerTest" time="13.332"/>
  <system-out/>
</testsuite> <!-- learningTestNG.Learning_ExcelFile -->
