<?xml version="1.0" encoding="UTF-8"?>
<!-- Generated by org.testng.reporters.JUnitReportReporter -->
<testsuite hostname="Princes-MacBook-Pro.local" failures="0" tests="2" name="learningTestNG.Learning_InvocationCount_Attribute" time="25.471" errors="0" timestamp="2024-01-09T18:14:25 IST" skipped="0">
  <testcase classname="learningTestNG.Learning_InvocationCount_Attribute" name="loginTest" time="11.113"/>
  <system-out/>
  <testcase classname="learningTestNG.Learning_InvocationCount_Attribute" name="loginTest" time="14.358"/>
  <system-out/>
</testsuite> <!-- learningTestNG.Learning_InvocationCount_Attribute -->
