<?xml version="1.0" encoding="UTF-8"?>
<!-- Generated by org.testng.reporters.JUnitReportReporter -->
<testsuite hostname="Princes-MacBook-Pro.local" failures="0" tests="3" name="learningTestNG.Learning_DependsOnMethods_Attribute" time="45.379" errors="0" timestamp="2024-01-09T17:45:38 IST" skipped="0">
  <testcase classname="learningTestNG.Learning_DependsOnMethods_Attribute" name="searchTest" time="11.194"/>
  <system-out/>
  <testcase classname="learningTestNG.Learning_DependsOnMethods_Attribute" name="loginTest" time="10.397"/>
  <system-out/>
  <testcase classname="learningTestNG.Learning_DependsOnMethods_Attribute" name="registerTest" time="23.788"/>
  <system-out/>
</testsuite> <!-- learningTestNG.Learning_DependsOnMethods_Attribute -->
