<?xml version="1.0" encoding="UTF-8"?>
<!-- Generated by org.testng.reporters.JUnitReportReporter -->
<testsuite hostname="Princes-MacBook-Pro.local" failures="0" tests="3" name="learningTestNG.Learning_Configuration_Annotation" time="0.017" errors="0" timestamp="2024-01-10T17:56:37 IST" skipped="0">
  <testcase classname="learningTestNG.Learning_Configuration_Annotation" name="registerTest" time="0.003"/>
  <system-out>
    <![CDATA[Executing Register Test Case]]>
  </system-out>
  <testcase classname="learningTestNG.Learning_Configuration_Annotation" name="loginTest" time="0.012"/>
  <system-out>
    <![CDATA[Executing Login Test Case]]>
  </system-out>
  <testcase classname="learningTestNG.Learning_Configuration_Annotation" name="searchTest" time="0.002"/>
  <system-out>
    <![CDATA[Executing Search Test Case]]>
  </system-out>
</testsuite> <!-- learningTestNG.Learning_Configuration_Annotation -->
