<?xml version="1.0" encoding="UTF-8"?>
<!-- Generated by org.testng.reporters.JUnitReportReporter -->
<testsuite hostname="Princes-MacBook-Pro.local" failures="0" tests="1" name="learningTestNG.Learning_Invocation_Time_Out_Attribute" time="13.253" errors="0" timestamp="2024-01-09T18:28:46 IST" skipped="0">
  <testcase classname="learningTestNG.Learning_Invocation_Time_Out_Attribute" name="loginTest" time="13.253"/>
  <system-out/>
</testsuite> <!-- learningTestNG.Learning_Invocation_Time_Out_Attribute -->
