<?xml version="1.0" encoding="UTF-8"?>
<!-- Generated by org.testng.reporters.JUnitReportReporter -->
<testsuite hostname="Princes-MacBook-Pro.local" failures="0" tests="10" name="learningTestNG.Learning_Parallel_Execution" time="225.450" errors="0" timestamp="2024-01-10T16:58:32 IST" skipped="0">
  <testcase classname="learningTestNG.Learning_Parallel_Execution" name="loginTest" time="24.162"/>
  <system-out/>
  <testcase classname="learningTestNG.Learning_Parallel_Execution" name="loginTest" time="18.884"/>
  <system-out/>
  <testcase classname="learningTestNG.Learning_Parallel_Execution" name="loginTest" time="24.874"/>
  <system-out/>
  <testcase classname="learningTestNG.Learning_Parallel_Execution" name="loginTest" time="19.492"/>
  <system-out/>
  <testcase classname="learningTestNG.Learning_Parallel_Execution" name="loginTest" time="19.551"/>
  <system-out/>
  <testcase classname="learningTestNG.Learning_Parallel_Execution" name="loginTest" time="24.558"/>
  <system-out/>
  <testcase classname="learningTestNG.Learning_Parallel_Execution" name="loginTest" time="19.897"/>
  <system-out/>
  <testcase classname="learningTestNG.Learning_Parallel_Execution" name="loginTest" time="15.187"/>
  <system-out/>
  <testcase classname="learningTestNG.Learning_Parallel_Execution" name="loginTest" time="24.450"/>
  <system-out/>
  <testcase classname="learningTestNG.Learning_Parallel_Execution" name="loginTest" time="34.395"/>
  <system-out/>
</testsuite> <!-- learningTestNG.Learning_Parallel_Execution -->
