<?xml version="1.0" encoding="UTF-8"?>
<!-- Generated by org.testng.reporters.JUnitReportReporter -->
<testsuite hostname="Princes-MacBook-Pro.local" failures="0" tests="3" name="learningTestNG.Learning_Multiple_Data_From_Excel" time="35.200" errors="0" timestamp="2024-01-22T18:03:20 IST" skipped="0">
  <testcase classname="learningTestNG.Learning_Multiple_Data_From_Excel" name="loginTest" time="10.716"/>
  <system-out/>
  <testcase classname="learningTestNG.Learning_Multiple_Data_From_Excel" name="loginTest" time="11.634"/>
  <system-out/>
  <testcase classname="learningTestNG.Learning_Multiple_Data_From_Excel" name="loginTest" time="12.850"/>
  <system-out/>
</testsuite> <!-- learningTestNG.Learning_Multiple_Data_From_Excel -->
