<?xml version="1.0" encoding="UTF-8"?>
<!-- Generated by org.testng.reporters.JUnitReportReporter -->
<testsuite hostname="Princes-MacBook-Pro.local" failures="0" tests="2" name="learningTestNG.Learning_PriorityAttribute" time="30.693" errors="0" timestamp="2024-01-09T17:20:02 IST" skipped="0">
  <testcase classname="learningTestNG.Learning_PriorityAttribute" name="registerTest" time="20.400"/>
  <system-out/>
  <testcase classname="learningTestNG.Learning_PriorityAttribute" name="loginTest" time="10.293"/>
  <system-out/>
</testsuite> <!-- learningTestNG.Learning_PriorityAttribute -->
